<?xml version="1.0" encoding="utf-8"?><testsuites name="pytest tests"><testsuite name="pytest" errors="0" failures="0" skipped="0" tests="4" time="1.192" timestamp="2026-09-01T14:31:01.780391+00:00" hostname="agent-env-e0475d8c-4373-4dd3-ad61-a844e62096c4"><testcase classname="tests.test_api" name="test_root" time="0.075" /><testcase classname="tests.test_api" name="test_visit_returns_shape_and_increments" time="0.050" /><testcase classname="tests.test_api" name="test_contact_persists" time="0.460" /><testcase classname="tests.test_api" name="test_contact_validation" time="0.023" /></testsuite></testsuites>